[9802:9802:0201/105755.527711:ERROR:navigation_entry_screenshot_manager.cc(141)] Invalid entry with unique id: 45
[9802:9879:0201/105812.828022:ERROR:extension_protocols.cc(340)] Allowing load of chrome-extension://gkojfkhlekighikafcpjkiklfbnlmeio/js/jquery.min.mapfrom unknown origin. Could not find user data for request.
[9802:9879:0201/105945.235875:ERROR:extension_protocols.cc(340)] Allowing load of chrome-extension://gkojfkhlekighikafcpjkiklfbnlmeio/js/jquery.min.mapfrom unknown origin. Could not find user data for request.
[9802:9802:0201/114801.558869:ERROR:navigation_entry_screenshot_manager.cc(141)] Invalid entry with unique id: 417
A Parser-blocking, cross-origin script, http://ajax.cloudflare.com/cdn-cgi/nexp/dok3v=f2befc48d1/cloudflare.min.js, is invoked via document.write. This may be blocked by the browser if the device has poor network connectivity. See https://www.chromestatus.com/feature/5718547946799104 for more details.
A Parser-blocking, cross-origin script, http://ajax.cloudflare.com/cdn-cgi/nexp/dok3v=f2befc48d1/cloudflare.min.js, is invoked via document.write. This may be blocked by the browser if the device has poor network connectivity. See https://www.chromestatus.com/feature/5718547946799104 for more details.
[WARNING:flash/platform/pepper/pep_module.cpp(63)] SANDBOXED
[9802:10886:0201/120312.716751:ERROR:cert_verify_proc_nss.cc(942)] CERT_PKIXVerifyCert for api.grokthedocs.com failed err=-8181
A Parser-blocking, cross-origin script, https://stats.g.doubleclick.net/dc.js, is invoked via document.write. This may be blocked by the browser if the device has poor network connectivity. See https://www.chromestatus.com/feature/5718547946799104 for more details.
A Parser-blocking, cross-origin script, https://stats.g.doubleclick.net/dc.js, is invoked via document.write. This may be blocked by the browser if the device has poor network connectivity. See https://www.chromestatus.com/feature/5718547946799104 for more details.
A Parser-blocking, cross-origin script, https://www.google.com/uds/?file=search&v=1&hl=en&style=%2F%2Fwww.google.com%2Fcse%2Fstyle%2Flook%2Fminimalist.css, is invoked via document.write. This may be blocked by the browser if the device has poor network connectivity. See https://www.chromestatus.com/feature/5718547946799104 for more details.
A Parser-blocking, cross-origin script, https://www.google.com/uds/?file=search&v=1&hl=en&style=%2F%2Fwww.google.com%2Fcse%2Fstyle%2Flook%2Fminimalist.css, is invoked via document.write. This may be blocked by the browser if the device has poor network connectivity. See https://www.chromestatus.com/feature/5718547946799104 for more details.
A Parser-blocking, cross-origin script, https://www.google.com/uds/api/search/1.0/0c3990ce7a056ed50667fe0c3873c9b6/default+en.I.js, is invoked via document.write. This may be blocked by the browser if the device has poor network connectivity. See https://www.chromestatus.com/feature/5718547946799104 for more details.
A Parser-blocking, cross-origin script, https://www.google.com/uds/api/search/1.0/0c3990ce7a056ed50667fe0c3873c9b6/default+en.I.js, is invoked via document.write. This may be blocked by the browser if the device has poor network connectivity. See https://www.chromestatus.com/feature/5718547946799104 for more details.
A Parser-blocking, cross-origin script, http://stats.g.doubleclick.net/dc.js, is invoked via document.write. This may be blocked by the browser if the device has poor network connectivity. See https://www.chromestatus.com/feature/5718547946799104 for more details.
A Parser-blocking, cross-origin script, http://stats.g.doubleclick.net/dc.js, is invoked via document.write. This may be blocked by the browser if the device has poor network connectivity. See https://www.chromestatus.com/feature/5718547946799104 for more details.
A Parser-blocking, cross-origin script, https://www.google.com/uds/?file=search&v=1&hl=en&style=%2F%2Fwww.google.com%2Fcse%2Fstyle%2Flook%2Fminimalist.css, is invoked via document.write. This may be blocked by the browser if the device has poor network connectivity. See https://www.chromestatus.com/feature/5718547946799104 for more details.
A Parser-blocking, cross-origin script, https://www.google.com/uds/?file=search&v=1&hl=en&style=%2F%2Fwww.google.com%2Fcse%2Fstyle%2Flook%2Fminimalist.css, is invoked via document.write. This may be blocked by the browser if the device has poor network connectivity. See https://www.chromestatus.com/feature/5718547946799104 for more details.
A Parser-blocking, cross-origin script, https://www.google.com/uds/api/search/1.0/0c3990ce7a056ed50667fe0c3873c9b6/default+en.I.js, is invoked via document.write. This may be blocked by the browser if the device has poor network connectivity. See https://www.chromestatus.com/feature/5718547946799104 for more details.
A Parser-blocking, cross-origin script, https://www.google.com/uds/api/search/1.0/0c3990ce7a056ed50667fe0c3873c9b6/default+en.I.js, is invoked via document.write. This may be blocked by the browser if the device has poor network connectivity. See https://www.chromestatus.com/feature/5718547946799104 for more details.
A Parser-blocking, cross-origin script, http://stats.g.doubleclick.net/dc.js, is invoked via document.write. This may be blocked by the browser if the device has poor network connectivity. See https://www.chromestatus.com/feature/5718547946799104 for more details.
A Parser-blocking, cross-origin script, http://stats.g.doubleclick.net/dc.js, is invoked via document.write. This may be blocked by the browser if the device has poor network connectivity. See https://www.chromestatus.com/feature/5718547946799104 for more details.
A Parser-blocking, cross-origin script, https://www.google.com/uds/?file=search&v=1&hl=en&style=%2F%2Fwww.google.com%2Fcse%2Fstyle%2Flook%2Fminimalist.css, is invoked via document.write. This may be blocked by the browser if the device has poor network connectivity. See https://www.chromestatus.com/feature/5718547946799104 for more details.
A Parser-blocking, cross-origin script, https://www.google.com/uds/?file=search&v=1&hl=en&style=%2F%2Fwww.google.com%2Fcse%2Fstyle%2Flook%2Fminimalist.css, is invoked via document.write. This may be blocked by the browser if the device has poor network connectivity. See https://www.chromestatus.com/feature/5718547946799104 for more details.
A Parser-blocking, cross-origin script, https://www.google.com/uds/api/search/1.0/0c3990ce7a056ed50667fe0c3873c9b6/default+en.I.js, is invoked via document.write. This may be blocked by the browser if the device has poor network connectivity. See https://www.chromestatus.com/feature/5718547946799104 for more details.
A Parser-blocking, cross-origin script, https://www.google.com/uds/api/search/1.0/0c3990ce7a056ed50667fe0c3873c9b6/default+en.I.js, is invoked via document.write. This may be blocked by the browser if the device has poor network connectivity. See https://www.chromestatus.com/feature/5718547946799104 for more details.
[9802:9879:0201/123658.281778:ERROR:extension_protocols.cc(340)] Allowing load of chrome-extension://gkojfkhlekighikafcpjkiklfbnlmeio/js/jquery.min.mapfrom unknown origin. Could not find user data for request.
[9802:9879:0201/123711.586924:ERROR:extension_protocols.cc(340)] Allowing load of chrome-extension://gkojfkhlekighikafcpjkiklfbnlmeio/js/jquery.min.mapfrom unknown origin. Could not find user data for request.
[9802:9879:0201/123712.283103:ERROR:extension_protocols.cc(340)] Allowing load of chrome-extension://gkojfkhlekighikafcpjkiklfbnlmeio/js/jquery.min.mapfrom unknown origin. Could not find user data for request.
[9802:9879:0201/123757.824832:ERROR:extension_protocols.cc(340)] Allowing load of chrome-extension://gkojfkhlekighikafcpjkiklfbnlmeio/js/jquery.min.mapfrom unknown origin. Could not find user data for request.
[9802:9879:0201/123950.226505:ERROR:extension_protocols.cc(340)] Allowing load of chrome-extension://gkojfkhlekighikafcpjkiklfbnlmeio/js/jquery.min.mapfrom unknown origin. Could not find user data for request.
[9802:9879:0201/123955.435690:ERROR:extension_protocols.cc(340)] Allowing load of chrome-extension://gkojfkhlekighikafcpjkiklfbnlmeio/js/jquery.min.mapfrom unknown origin. Could not find user data for request.
[9802:9879:0201/123955.519605:ERROR:extension_protocols.cc(340)] Allowing load of chrome-extension://gkojfkhlekighikafcpjkiklfbnlmeio/js/jquery.min.mapfrom unknown origin. Could not find user data for request.
[9802:9879:0201/124013.921108:ERROR:extension_protocols.cc(340)] Allowing load of chrome-extension://gkojfkhlekighikafcpjkiklfbnlmeio/js/jquery.min.mapfrom unknown origin. Could not find user data for request.
[9802:9879:0201/124014.000124:ERROR:extension_protocols.cc(340)] Allowing load of chrome-extension://gkojfkhlekighikafcpjkiklfbnlmeio/js/jquery.min.mapfrom unknown origin. Could not find user data for request.
[9802:9879:0201/125944.426733:ERROR:extension_protocols.cc(340)] Allowing load of chrome-extension://gkojfkhlekighikafcpjkiklfbnlmeio/js/jquery.min.mapfrom unknown origin. Could not find user data for request.
[9802:9802:0201/130026.050450:ERROR:navigation_entry_screenshot_manager.cc(141)] Invalid entry with unique id: 1332
[9802:9879:0201/130043.419270:ERROR:extension_protocols.cc(340)] Allowing load of chrome-extension://gkojfkhlekighikafcpjkiklfbnlmeio/js/jquery.min.mapfrom unknown origin. Could not find user data for request.
[27787:27864:0202/175950.749033:ERROR:extension_protocols.cc(340)] Allowing load of chrome-extension://gkojfkhlekighikafcpjkiklfbnlmeio/js/jquery.min.mapfrom unknown origin. Could not find user data for request.
[27787:27864:0202/180027.445517:ERROR:extension_protocols.cc(340)] Allowing load of chrome-extension://gkojfkhlekighikafcpjkiklfbnlmeio/js/jquery.min.mapfrom unknown origin. Could not find user data for request.
[27787:27864:0202/180428.542366:ERROR:extension_protocols.cc(340)] Allowing load of chrome-extension://gkojfkhlekighikafcpjkiklfbnlmeio/js/jquery.min.mapfrom unknown origin. Could not find user data for request.
[27787:27864:0202/180428.886485:ERROR:extension_protocols.cc(340)] Allowing load of chrome-extension://gkojfkhlekighikafcpjkiklfbnlmeio/js/jquery.min.mapfrom unknown origin. Could not find user data for request.
[27787:27864:0202/183337.911038:ERROR:extension_protocols.cc(340)] Allowing load of chrome-extension://gkojfkhlekighikafcpjkiklfbnlmeio/js/jquery.min.mapfrom unknown origin. Could not find user data for request.
[27787:27864:0202/183337.956867:ERROR:extension_protocols.cc(340)] Allowing load of chrome-extension://gkojfkhlekighikafcpjkiklfbnlmeio/js/jquery.min.mapfrom unknown origin. Could not find user data for request.
[27787:27864:0202/183358.453039:ERROR:extension_protocols.cc(340)] Allowing load of chrome-extension://gkojfkhlekighikafcpjkiklfbnlmeio/js/jquery.min.mapfrom unknown origin. Could not find user data for request.
[27787:27864:0202/183358.740682:ERROR:extension_protocols.cc(340)] Allowing load of chrome-extension://gkojfkhlekighikafcpjkiklfbnlmeio/js/jquery.min.mapfrom unknown origin. Could not find user data for request.
[27787:27864:0202/183425.386335:ERROR:extension_protocols.cc(340)] Allowing load of chrome-extension://gkojfkhlekighikafcpjkiklfbnlmeio/js/jquery.min.mapfrom unknown origin. Could not find user data for request.
[27787:27864:0202/183425.443032:ERROR:extension_protocols.cc(340)] Allowing load of chrome-extension://gkojfkhlekighikafcpjkiklfbnlmeio/js/jquery.min.mapfrom unknown origin. Could not find user data for request.
[27787:27864:0202/184206.859104:ERROR:extension_protocols.cc(340)] Allowing load of chrome-extension://gkojfkhlekighikafcpjkiklfbnlmeio/js/jquery.min.mapfrom unknown origin. Could not find user data for request.
[27787:27864:0202/184206.933906:ERROR:extension_protocols.cc(340)] Allowing load of chrome-extension://gkojfkhlekighikafcpjkiklfbnlmeio/js/jquery.min.mapfrom unknown origin. Could not find user data for request.
[27787:8773:0202/184513.019856:ERROR:object_proxy.cc(583)] Failed to call method: org.freedesktop.UPower.GetDisplayDevice: object_path= /org/freedesktop/UPower: org.freedesktop.DBus.Error.UnknownMethod: Method "GetDisplayDevice" with signature "" on interface "org.freedesktop.UPower" doesn't exist

[27787:8773:0202/185451.220339:ERROR:object_proxy.cc(583)] Failed to call method: org.freedesktop.UPower.GetDisplayDevice: object_path= /org/freedesktop/UPower: org.freedesktop.DBus.Error.UnknownMethod: Method "GetDisplayDevice" with signature "" on interface "org.freedesktop.UPower" doesn't exist

[27787:8773:0202/185502.152652:ERROR:object_proxy.cc(583)] Failed to call method: org.freedesktop.UPower.GetDisplayDevice: object_path= /org/freedesktop/UPower: org.freedesktop.DBus.Error.UnknownMethod: Method "GetDisplayDevice" with signature "" on interface "org.freedesktop.UPower" doesn't exist

[27787:8773:0202/185704.213605:ERROR:object_proxy.cc(583)] Failed to call method: org.freedesktop.UPower.GetDisplayDevice: object_path= /org/freedesktop/UPower: org.freedesktop.DBus.Error.UnknownMethod: Method "GetDisplayDevice" with signature "" on interface "org.freedesktop.UPower" doesn't exist

[27787:8773:0202/185722.343424:ERROR:object_proxy.cc(583)] Failed to call method: org.freedesktop.UPower.GetDisplayDevice: object_path= /org/freedesktop/UPower: org.freedesktop.DBus.Error.UnknownMethod: Method "GetDisplayDevice" with signature "" on interface "org.freedesktop.UPower" doesn't exist

[27787:27864:0202/185737.267835:ERROR:extension_protocols.cc(340)] Allowing load of chrome-extension://gkojfkhlekighikafcpjkiklfbnlmeio/js/jquery.min.mapfrom unknown origin. Could not find user data for request.
[27787:8773:0202/185743.286328:ERROR:object_proxy.cc(583)] Failed to call method: org.freedesktop.UPower.GetDisplayDevice: object_path= /org/freedesktop/UPower: org.freedesktop.DBus.Error.UnknownMethod: Method "GetDisplayDevice" with signature "" on interface "org.freedesktop.UPower" doesn't exist

[27787:8773:0202/185758.888016:ERROR:object_proxy.cc(583)] Failed to call method: org.freedesktop.UPower.GetDisplayDevice: object_path= /org/freedesktop/UPower: org.freedesktop.DBus.Error.UnknownMethod: Method "GetDisplayDevice" with signature "" on interface "org.freedesktop.UPower" doesn't exist

[27787:8773:0202/185922.492948:ERROR:object_proxy.cc(583)] Failed to call method: org.freedesktop.UPower.GetDisplayDevice: object_path= /org/freedesktop/UPower: org.freedesktop.DBus.Error.UnknownMethod: Method "GetDisplayDevice" with signature "" on interface "org.freedesktop.UPower" doesn't exist

[27916:27916:0202/190118.710021:ERROR:gles2_cmd_decoder.cc(15486)] Onscreen context lost via ARB/EXT_robustness. Reset status = GL_GUILTY_CONTEXT_RESET_KHR
[27916:27916:0202/190118.710242:ERROR:gles2_cmd_decoder.cc(4181)]   GLES2DecoderImpl: Context reset detected after MakeCurrent.
[27916:27916:0202/190118.710345:ERROR:gpu_channel_manager.cc(224)] Exiting GPU process because some drivers cannot recover from problems.
[27916:27916:0202/190118.710402:ERROR:gpu_channel_manager.cc(224)] Exiting GPU process because some drivers cannot recover from problems.
[27787:27787:0202/190118.971970:ERROR:gpu_process_transport_factory.cc(855)] Lost UI shared context.
[27787:27864:0202/190531.070742:ERROR:connection_factory_impl.cc(367)] Failed to connect to MCS endpoint with error -106
